<?xml version="1.0" encoding="UTF-8"?>
<testsuite name="ru.mail.polis.homework.simple.DoubleTaskTest" tests="2" skipped="0" failures="0" errors="0" timestamp="2020-02-29T14:39:10" hostname="PC-ПК" time="0.004">
  <properties/>
  <testcase name="length" classname="ru.mail.polis.homework.simple.DoubleTaskTest" time="0.003"/>
  <testcase name="equation" classname="ru.mail.polis.homework.simple.DoubleTaskTest" time="0.001"/>
  <system-out><![CDATA[]]></system-out>
  <system-err><![CDATA[]]></system-err>
</testsuite>
